True
False
True
False
True
False
True
False
Total jobs: 200
[001/200] idx=10 correct=False acc=0/1 wrong=1
[002/200] idx=4 correct=True acc=1/2 wrong=1
[003/200] idx=2 correct=True acc=2/3 wrong=1
[004/200] idx=12 correct=False acc=2/4 wrong=2
[005/200] idx=8 correct=True acc=3/5 wrong=2
[006/200] idx=0 correct=True acc=4/6 wrong=2
[007/200] idx=6 correct=True acc=5/7 wrong=2
[008/200] idx=14 correct=True acc=6/8 wrong=2
[009/200] idx=16 correct=True acc=7/9 wrong=2
[010/200] idx=20 correct=True acc=8/10 wrong=2
[011/200] idx=18 correct=True acc=9/11 wrong=2
[012/200] idx=22 correct=True acc=10/12 wrong=2
[013/200] idx=24 correct=True acc=11/13 wrong=2
[014/200] idx=26 correct=False acc=11/14 wrong=3
[015/200] idx=1 correct=False acc=11/15 wrong=4
[016/200] idx=9 correct=False acc=11/16 wrong=5
[017/200] idx=11 correct=False acc=11/17 wrong=6
[018/200] idx=5 correct=False acc=11/18 wrong=7
[019/200] idx=3 correct=False acc=11/19 wrong=8
[020/200] idx=13 correct=False acc=11/20 wrong=9
[021/200] idx=7 correct=False acc=11/21 wrong=10
[022/200] idx=15 correct=False acc=11/22 wrong=11
[023/200] idx=19 correct=False acc=11/23 wrong=12
[024/200] idx=28 correct=False acc=11/24 wrong=13
[025/200] idx=32 correct=True acc=12/25 wrong=13
[026/200] idx=17 correct=False acc=12/26 wrong=14
[027/200] idx=30 correct=True acc=13/27 wrong=14
[028/200] idx=36 correct=True acc=14/28 wrong=14
[029/200] idx=38 correct=True acc=15/29 wrong=14
[030/200] idx=34 correct=True acc=16/30 wrong=14
[031/200] idx=21 correct=False acc=16/31 wrong=15
[032/200] idx=23 correct=False acc=16/32 wrong=16
[033/200] idx=40 correct=True acc=17/33 wrong=16
[034/200] idx=25 correct=False acc=17/34 wrong=17
[035/200] idx=46 correct=True acc=18/35 wrong=17
[036/200] idx=42 correct=True acc=19/36 wrong=17
[037/200] idx=44 correct=True acc=20/37 wrong=17
[038/200] idx=27 correct=False acc=20/38 wrong=18
[039/200] idx=48 correct=True acc=21/39 wrong=18
[040/200] idx=50 correct=False acc=21/40 wrong=19
[041/200] idx=29 correct=False acc=21/41 wrong=20
[042/200] idx=52 correct=True acc=22/42 wrong=20
[043/200] idx=33 correct=False acc=22/43 wrong=21
[044/200] idx=31 correct=False acc=22/44 wrong=22
[045/200] idx=37 correct=False acc=22/45 wrong=23
[046/200] idx=35 correct=False acc=22/46 wrong=24
[047/200] idx=39 correct=False acc=22/47 wrong=25
[048/200] idx=54 correct=True acc=23/48 wrong=25
[049/200] idx=41 correct=False acc=23/49 wrong=26
[050/200] idx=58 correct=True acc=24/50 wrong=26
[051/200] idx=60 correct=True acc=25/51 wrong=26
[052/200] idx=56 correct=False acc=25/52 wrong=27
[053/200] idx=43 correct=False acc=25/53 wrong=28
[054/200] idx=45 correct=False acc=25/54 wrong=29
[055/200] idx=47 correct=False acc=25/55 wrong=30
[056/200] idx=62 correct=True acc=26/56 wrong=30
[057/200] idx=49 correct=False acc=26/57 wrong=31
[058/200] idx=51 correct=False acc=26/58 wrong=32
[059/200] idx=64 correct=True acc=27/59 wrong=32
[060/200] idx=68 correct=True acc=28/60 wrong=32
[061/200] idx=53 correct=False acc=28/61 wrong=33
[062/200] idx=70 correct=True acc=29/62 wrong=33
[063/200] idx=55 correct=False acc=29/63 wrong=34
[064/200] idx=66 correct=False acc=29/64 wrong=35
[065/200] idx=72 correct=True acc=30/65 wrong=35
[066/200] idx=57 correct=False acc=30/66 wrong=36
[067/200] idx=80 correct=True acc=31/67 wrong=36
[068/200] idx=61 correct=False acc=31/68 wrong=37
[069/200] idx=59 correct=False acc=31/69 wrong=38
[070/200] idx=78 correct=True acc=32/70 wrong=38
[071/200] idx=74 correct=False acc=32/71 wrong=39
[072/200] idx=63 correct=False acc=32/72 wrong=40
[073/200] idx=82 correct=True acc=33/73 wrong=40
[074/200] idx=65 correct=False acc=33/74 wrong=41
[075/200] idx=79 correct=False acc=33/75 wrong=42
[076/200] idx=67 correct=False acc=33/76 wrong=43
[077/200] idx=86 correct=True acc=34/77 wrong=43
[078/200] idx=69 correct=False acc=34/78 wrong=44
[079/200] idx=71 correct=False acc=34/79 wrong=45
[080/200] idx=90 correct=True acc=35/80 wrong=45
[081/200] idx=84 correct=True acc=36/81 wrong=45
[082/200] idx=88 correct=False acc=36/82 wrong=46
[083/200] idx=73 correct=False acc=36/83 wrong=47
[084/200] idx=75 correct=False acc=36/84 wrong=48
[085/200] idx=81 correct=False acc=36/85 wrong=49
[086/200] idx=76 correct=False acc=36/86 wrong=50
[087/200] idx=77 correct=False acc=36/87 wrong=51
[088/200] idx=94 correct=True acc=37/88 wrong=51
[089/200] idx=96 correct=True acc=38/89 wrong=51
[090/200] idx=92 correct=False acc=38/90 wrong=52
[091/200] idx=102 correct=False acc=38/91 wrong=53
[092/200] idx=100 correct=True acc=39/92 wrong=53
[093/200] idx=83 correct=False acc=39/93 wrong=54
[094/200] idx=85 correct=False acc=39/94 wrong=55
[095/200] idx=104 correct=True acc=40/95 wrong=55
[096/200] idx=87 correct=False acc=40/96 wrong=56
[097/200] idx=108 correct=True acc=41/97 wrong=56
[098/200] idx=110 correct=True acc=42/98 wrong=56
[099/200] idx=89 correct=False acc=42/99 wrong=57
[100/200] idx=91 correct=False acc=42/100 wrong=58
[101/200] idx=106 correct=True acc=43/101 wrong=58
[102/200] idx=93 correct=False acc=43/102 wrong=59
[103/200] idx=97 correct=False acc=43/103 wrong=60
[104/200] idx=95 correct=False acc=43/104 wrong=61
[105/200] idx=114 correct=True acc=44/105 wrong=61
[106/200] idx=98 correct=False acc=44/106 wrong=62
[107/200] idx=112 correct=False acc=44/107 wrong=63
[108/200] idx=99 correct=False acc=44/108 wrong=64
[109/200] idx=101 correct=False acc=44/109 wrong=65
[110/200] idx=103 correct=False acc=44/110 wrong=66
[111/200] idx=105 correct=False acc=44/111 wrong=67
[112/200] idx=118 correct=True acc=45/112 wrong=67
[113/200] idx=122 correct=False acc=45/113 wrong=68
[114/200] idx=120 correct=True acc=46/114 wrong=68
[115/200] idx=107 correct=False acc=46/115 wrong=69
[116/200] idx=109 correct=False acc=46/116 wrong=70
[117/200] idx=124 correct=True acc=47/117 wrong=70
[118/200] idx=113 correct=False acc=47/118 wrong=71
[119/200] idx=128 correct=False acc=47/119 wrong=72
[120/200] idx=126 correct=True acc=48/120 wrong=72
[121/200] idx=119 correct=False acc=48/121 wrong=73
[122/200] idx=111 correct=False acc=48/122 wrong=74
[123/200] idx=115 correct=False acc=48/123 wrong=75
[124/200] idx=116 correct=False acc=48/124 wrong=76
[125/200] idx=132 correct=True acc=49/125 wrong=76
[126/200] idx=117 correct=False acc=49/126 wrong=77
[127/200] idx=123 correct=False acc=49/127 wrong=78
[128/200] idx=130 correct=True acc=50/128 wrong=78
[129/200] idx=134 correct=False acc=50/129 wrong=79
[130/200] idx=136 correct=False acc=50/130 wrong=80
[131/200] idx=121 correct=False acc=50/131 wrong=81
[132/200] idx=138 correct=True acc=51/132 wrong=81
[133/200] idx=129 correct=False acc=51/133 wrong=82
[134/200] idx=140 correct=True acc=52/134 wrong=82
[135/200] idx=144 correct=True acc=53/135 wrong=82
[136/200] idx=125 correct=False acc=53/136 wrong=83
[137/200] idx=127 correct=False acc=53/137 wrong=84
[138/200] idx=146 correct=False acc=53/138 wrong=85
[139/200] idx=150 correct=True acc=54/139 wrong=85
[140/200] idx=139 correct=False acc=54/140 wrong=86
[141/200] idx=148 correct=True acc=55/141 wrong=86
[142/200] idx=131 correct=False acc=55/142 wrong=87
[143/200] idx=152 correct=True acc=56/143 wrong=87
[144/200] idx=133 correct=False acc=56/144 wrong=88
[145/200] idx=135 correct=False acc=56/145 wrong=89
[146/200] idx=154 correct=True acc=57/146 wrong=89
[147/200] idx=137 correct=False acc=57/147 wrong=90
[148/200] idx=156 correct=True acc=58/148 wrong=90
[149/200] idx=141 correct=False acc=58/149 wrong=91
[150/200] idx=142 correct=False acc=58/150 wrong=92
[151/200] idx=143 correct=False acc=58/151 wrong=93
[152/200] idx=151 correct=False acc=58/152 wrong=94
[153/200] idx=145 correct=False acc=58/153 wrong=95
[154/200] idx=160 correct=True acc=59/154 wrong=95
[155/200] idx=155 correct=False acc=59/155 wrong=96
[156/200] idx=158 correct=True acc=60/156 wrong=96
[157/200] idx=162 correct=True acc=61/157 wrong=96
[158/200] idx=147 correct=False acc=61/158 wrong=97
[159/200] idx=149 correct=False acc=61/159 wrong=98
[160/200] idx=166 correct=True acc=62/160 wrong=98
[161/200] idx=168 correct=True acc=63/161 wrong=98
[162/200] idx=161 correct=False acc=63/162 wrong=99
[163/200] idx=153 correct=False acc=63/163 wrong=100
[164/200] idx=176 correct=True acc=64/164 wrong=100
[165/200] idx=170 correct=True acc=65/165 wrong=100
[166/200] idx=172 correct=True acc=66/166 wrong=100
[167/200] idx=167 correct=False acc=66/167 wrong=101
[168/200] idx=157 correct=False acc=66/168 wrong=102
[169/200] idx=159 correct=False acc=66/169 wrong=103
[170/200] idx=175 correct=False acc=66/170 wrong=104
[171/200] idx=180 correct=False acc=66/171 wrong=105
[172/200] idx=174 correct=True acc=67/172 wrong=105
[173/200] idx=182 correct=True acc=68/173 wrong=105
[174/200] idx=163 correct=False acc=68/174 wrong=106
[175/200] idx=169 correct=False acc=68/175 wrong=107
[176/200] idx=164 correct=False acc=68/176 wrong=108
[177/200] idx=184 correct=True acc=69/177 wrong=108
[178/200] idx=165 correct=False acc=69/178 wrong=109
[179/200] idx=188 correct=False acc=69/179 wrong=110
[180/200] idx=190 correct=True acc=70/180 wrong=110
[181/200] idx=171 correct=False acc=70/181 wrong=111
[182/200] idx=192 correct=True acc=71/182 wrong=111
[183/200] idx=173 correct=False acc=71/183 wrong=112
[184/200] idx=185 correct=False acc=71/184 wrong=113
[185/200] idx=186 correct=True acc=72/185 wrong=113
[186/200] idx=196 correct=True acc=73/186 wrong=113
[187/200] idx=194 correct=False acc=73/187 wrong=114
[188/200] idx=177 correct=False acc=73/188 wrong=115
[189/200] idx=198 correct=False acc=73/189 wrong=116
[190/200] idx=189 correct=False acc=73/190 wrong=117
[191/200] idx=178 correct=False acc=73/191 wrong=118
[192/200] idx=179 correct=False acc=73/192 wrong=119
[193/200] idx=191 correct=False acc=73/193 wrong=120
[194/200] idx=181 correct=False acc=73/194 wrong=121
[195/200] idx=183 correct=False acc=73/195 wrong=122
